INFO:root:2023-08-01 10:36:20
INFO:root:Model created
INFO:root:Epoch: 0, Step: 100, Average Loss: 2.2756
INFO:root:Epoch: 0, Step: 200, Average Loss: 2.0814
INFO:root:Epoch: 0, Step: 300, Average Loss: 1.9424
INFO:root:Epoch: 0, Step: 400, Average Loss: 1.8671
INFO:root:Epoch: 0, Step: 500, Average Loss: 1.8024
INFO:root:Epoch: 0, Step: 600, Average Loss: 1.7582
INFO:root:Epoch: 0, Step: 700, Average Loss: 1.7503
INFO:root:Epoch: 0, Step: 800, Average Loss: 1.6998
INFO:root:Epoch: 0, Step: 900, Average Loss: 1.6715
INFO:root:Epoch: 0, Step: 1000, Average Loss: 1.6539
INFO:root:Epoch: 0, Step: 1100, Average Loss: 1.6358
INFO:root:Epoch: 0, Step: 1200, Average Loss: 1.6125
INFO:root:Epoch: 0, Step: 1300, Average Loss: 1.6214
INFO:root:Epoch: 0, Step: 1400, Average Loss: 1.5537
INFO:root:Epoch: 0, Step: 1500, Average Loss: 1.5268
INFO:root:Epoch: 0, Training Loss: 1.5268, Validation Loss: 1.5955, Validation Acc: 0.4238
INFO:root:Converting the model (post-training)...
INFO:root:Quantization done.
INFO:root:Model saved to /home/zhangyouan/桌面/zya/NN_net/network/SSD/IMX_681_ssd_mobilenet_git/model_quantized.pth
INFO:root:2023-08-01 12:33:02
INFO:root:Model created
INFO:root:Epoch: 0, Step: 100, Average Loss: 2.2936
INFO:root:Epoch: 0, Step: 200, Average Loss: 2.1719
INFO:root:Epoch: 0, Step: 300, Average Loss: 2.0249
INFO:root:Epoch: 0, Step: 400, Average Loss: 1.8919
INFO:root:Epoch: 0, Step: 500, Average Loss: 1.8521
INFO:root:Epoch: 0, Step: 600, Average Loss: 1.7441
INFO:root:Epoch: 0, Step: 700, Average Loss: 1.7593
INFO:root:Epoch: 0, Step: 800, Average Loss: 1.7210
INFO:root:Epoch: 0, Step: 900, Average Loss: 1.6604
INFO:root:Epoch: 0, Step: 1000, Average Loss: 1.6318
INFO:root:Epoch: 0, Step: 1100, Average Loss: 1.6333
INFO:root:Epoch: 0, Step: 1200, Average Loss: 1.6069
INFO:root:Epoch: 0, Step: 1300, Average Loss: 1.6773
INFO:root:Epoch: 0, Step: 1400, Average Loss: 1.5883
INFO:root:Epoch: 0, Step: 1500, Average Loss: 1.5416
INFO:root:Epoch: 0, Training Loss: 1.5416, Validation Loss: 1.6637, Validation Acc: 0.4087
INFO:root:Epoch: 1, Step: 100, Average Loss: 1.5235
INFO:root:Epoch: 1, Step: 200, Average Loss: 1.4971
INFO:root:Epoch: 1, Step: 300, Average Loss: 1.4661
INFO:root:Epoch: 1, Step: 400, Average Loss: 1.4819
INFO:root:Epoch: 1, Step: 500, Average Loss: 1.4547
INFO:root:Epoch: 1, Step: 600, Average Loss: 1.4321
INFO:root:Epoch: 1, Step: 700, Average Loss: 1.4324
INFO:root:Epoch: 1, Step: 800, Average Loss: 1.4098
INFO:root:Epoch: 1, Step: 900, Average Loss: 1.3724
INFO:root:Epoch: 1, Step: 1000, Average Loss: 1.3653
INFO:root:Epoch: 1, Step: 1100, Average Loss: 1.3729
INFO:root:Epoch: 1, Step: 1200, Average Loss: 1.3859
INFO:root:Epoch: 1, Step: 1300, Average Loss: 1.3628
INFO:root:Epoch: 1, Step: 1400, Average Loss: 1.3419
INFO:root:Epoch: 1, Step: 1500, Average Loss: 1.3616
INFO:root:Epoch: 1, Training Loss: 1.3616, Validation Loss: 1.3049, Validation Acc: 0.5386
INFO:root:Epoch: 2, Step: 100, Average Loss: 1.3101
INFO:root:Epoch: 2, Step: 200, Average Loss: 1.3366
INFO:root:Epoch: 2, Step: 300, Average Loss: 1.3113
INFO:root:Epoch: 2, Step: 400, Average Loss: 1.2905
INFO:root:Epoch: 2, Step: 500, Average Loss: 1.2869
INFO:root:Epoch: 2, Step: 600, Average Loss: 1.2785
INFO:root:Epoch: 2, Step: 700, Average Loss: 1.2672
INFO:root:Epoch: 2, Step: 800, Average Loss: 1.2497
INFO:root:Epoch: 2, Step: 900, Average Loss: 1.2414
INFO:root:Epoch: 2, Step: 1000, Average Loss: 1.2643
INFO:root:Epoch: 2, Step: 1100, Average Loss: 1.2444
INFO:root:Epoch: 2, Step: 1200, Average Loss: 1.2690
INFO:root:Epoch: 2, Step: 1300, Average Loss: 1.2563
INFO:root:Epoch: 2, Step: 1400, Average Loss: 1.2535
INFO:root:Epoch: 2, Step: 1500, Average Loss: 1.2103
INFO:root:Epoch: 2, Training Loss: 1.2103, Validation Loss: 1.3436, Validation Acc: 0.5244
INFO:root:Epoch: 3, Step: 100, Average Loss: 1.2120
INFO:root:Epoch: 3, Step: 200, Average Loss: 1.2148
INFO:root:Epoch: 3, Step: 300, Average Loss: 1.2236
INFO:root:Epoch: 3, Step: 400, Average Loss: 1.1978
INFO:root:Epoch: 3, Step: 500, Average Loss: 1.1971
INFO:root:Epoch: 3, Step: 600, Average Loss: 1.1841
INFO:root:Epoch: 3, Step: 700, Average Loss: 1.2102
INFO:root:Epoch: 3, Step: 800, Average Loss: 1.1881
INFO:root:Epoch: 3, Step: 900, Average Loss: 1.1880
INFO:root:Epoch: 3, Step: 1000, Average Loss: 1.1517
INFO:root:Epoch: 3, Step: 1100, Average Loss: 1.1643
INFO:root:Epoch: 3, Step: 1200, Average Loss: 1.1887
INFO:root:Epoch: 3, Step: 1300, Average Loss: 1.1695
INFO:root:Epoch: 3, Step: 1400, Average Loss: 1.1417
INFO:root:Epoch: 3, Step: 1500, Average Loss: 1.1353
INFO:root:Epoch: 3, Training Loss: 1.1353, Validation Loss: 1.2239, Validation Acc: 0.5710
INFO:root:Epoch: 4, Step: 100, Average Loss: 1.1321
INFO:root:Epoch: 4, Step: 200, Average Loss: 1.1702
INFO:root:Epoch: 4, Step: 300, Average Loss: 1.1260
INFO:root:Epoch: 4, Step: 400, Average Loss: 1.1069
INFO:root:Epoch: 4, Step: 500, Average Loss: 1.1073
INFO:root:Epoch: 4, Step: 600, Average Loss: 1.1186
INFO:root:Epoch: 4, Step: 700, Average Loss: 1.1128
INFO:root:Epoch: 4, Step: 800, Average Loss: 1.1125
INFO:root:Epoch: 4, Step: 900, Average Loss: 1.0940
INFO:root:Epoch: 4, Step: 1000, Average Loss: 1.1106
INFO:root:Epoch: 4, Step: 1100, Average Loss: 1.0759
INFO:root:Epoch: 4, Step: 1200, Average Loss: 1.1270
INFO:root:Epoch: 4, Step: 1300, Average Loss: 1.0835
INFO:root:Epoch: 4, Step: 1400, Average Loss: 1.1196
INFO:root:Epoch: 4, Step: 1500, Average Loss: 1.0820
INFO:root:Epoch: 4, Training Loss: 1.0820, Validation Loss: 1.1290, Validation Acc: 0.6071
INFO:root:Epoch: 5, Step: 100, Average Loss: 1.0989
INFO:root:Epoch: 5, Step: 200, Average Loss: 1.0725
INFO:root:Epoch: 5, Step: 300, Average Loss: 1.0733
INFO:root:Epoch: 5, Step: 400, Average Loss: 1.0213
INFO:root:Epoch: 5, Step: 500, Average Loss: 1.0522
INFO:root:Epoch: 5, Step: 600, Average Loss: 1.0592
INFO:root:Epoch: 5, Step: 700, Average Loss: 1.0681
INFO:root:Epoch: 5, Step: 800, Average Loss: 1.0357
INFO:root:Epoch: 5, Step: 900, Average Loss: 1.0961
INFO:root:Epoch: 5, Step: 1000, Average Loss: 1.0789
INFO:root:Epoch: 5, Step: 1100, Average Loss: 1.0247
INFO:root:Epoch: 5, Step: 1200, Average Loss: 1.0371
INFO:root:Epoch: 5, Step: 1300, Average Loss: 1.0368
INFO:root:Epoch: 5, Step: 1400, Average Loss: 1.0675
INFO:root:Epoch: 5, Step: 1500, Average Loss: 1.0793
INFO:root:Epoch: 5, Training Loss: 1.0793, Validation Loss: 1.0759, Validation Acc: 0.6263
INFO:root:Epoch: 6, Step: 100, Average Loss: 1.0358
INFO:root:Epoch: 6, Step: 200, Average Loss: 1.0356
INFO:root:Epoch: 6, Step: 300, Average Loss: 1.0025
INFO:root:Epoch: 6, Step: 400, Average Loss: 1.0060
INFO:root:Epoch: 6, Step: 500, Average Loss: 1.0526
INFO:root:Epoch: 6, Step: 600, Average Loss: 0.9992
INFO:root:Epoch: 6, Step: 700, Average Loss: 1.0115
INFO:root:Epoch: 6, Step: 800, Average Loss: 0.9946
INFO:root:Epoch: 6, Step: 900, Average Loss: 0.9944
INFO:root:Epoch: 6, Step: 1000, Average Loss: 1.0108
INFO:root:Epoch: 6, Step: 1100, Average Loss: 1.0044
INFO:root:Epoch: 6, Step: 1200, Average Loss: 1.0491
INFO:root:Epoch: 6, Step: 1300, Average Loss: 1.0175
INFO:root:Epoch: 6, Step: 1400, Average Loss: 1.0080
INFO:root:Epoch: 6, Step: 1500, Average Loss: 1.0131
INFO:root:Epoch: 6, Training Loss: 1.0131, Validation Loss: 1.0819, Validation Acc: 0.6253
INFO:root:Epoch: 7, Step: 100, Average Loss: 0.9832
INFO:root:Epoch: 7, Step: 200, Average Loss: 0.9983
INFO:root:Epoch: 7, Step: 300, Average Loss: 1.0110
