INFO:root:2023-10-11 03:40:40
INFO:root:Model created
INFO:root:Epoch: 0, Step: 100, Average Loss: 2.2385
INFO:root:Epoch: 0, Step: 200, Average Loss: 2.0382
INFO:root:Epoch: 0, Step: 300, Average Loss: 1.8973
INFO:root:Epoch: 0, Step: 400, Average Loss: 1.8024
INFO:root:Epoch: 0, Step: 500, Average Loss: 1.7659
INFO:root:Epoch: 0, Step: 600, Average Loss: 1.7429
INFO:root:Epoch: 0, Step: 700, Average Loss: 1.6926
INFO:root:Epoch: 0, Step: 800, Average Loss: 1.6629
INFO:root:Epoch: 0, Step: 900, Average Loss: 1.6798
INFO:root:Epoch: 0, Step: 1000, Average Loss: 1.6501
INFO:root:Epoch: 0, Step: 1100, Average Loss: 1.6520
INFO:root:Epoch: 0, Step: 1200, Average Loss: 1.6026
INFO:root:Epoch: 0, Step: 1300, Average Loss: 1.5750
INFO:root:Epoch: 0, Step: 1400, Average Loss: 1.5522
INFO:root:Epoch: 0, Step: 1500, Average Loss: 1.5696
INFO:root:Epoch: 0,Training Loss:  1.5696, Validation Loss: 1.5452, Validation Acc: 0.4432
INFO:root:Epoch: 1, Step: 100, Average Loss: 1.5049
INFO:root:Epoch: 1, Step: 200, Average Loss: 1.4961
INFO:root:Epoch: 1, Step: 300, Average Loss: 1.4697
INFO:root:Epoch: 1, Step: 400, Average Loss: 1.4829
INFO:root:Epoch: 1, Step: 500, Average Loss: 1.4721
INFO:root:Epoch: 1, Step: 600, Average Loss: 1.4101
INFO:root:Epoch: 1, Step: 700, Average Loss: 1.4870
INFO:root:Epoch: 1, Step: 800, Average Loss: 1.4201
INFO:root:Epoch: 1, Step: 900, Average Loss: 1.4151
INFO:root:Epoch: 1, Step: 1000, Average Loss: 1.4288
INFO:root:Epoch: 1, Step: 1100, Average Loss: 1.4358
INFO:root:Epoch: 1, Step: 1200, Average Loss: 1.3671
INFO:root:Epoch: 1, Step: 1300, Average Loss: 1.4001
INFO:root:Epoch: 1, Step: 1400, Average Loss: 1.4091
INFO:root:Epoch: 1, Step: 1500, Average Loss: 1.3773
INFO:root:Epoch: 1,Training Loss:  1.3773, Validation Loss: 1.4109, Validation Acc: 0.4908
INFO:root:Epoch: 2, Step: 100, Average Loss: 1.3532
INFO:root:Epoch: 2, Step: 200, Average Loss: 1.3330
INFO:root:Epoch: 2, Step: 300, Average Loss: 1.3370
INFO:root:Epoch: 2, Step: 400, Average Loss: 1.3266
INFO:root:Epoch: 2, Step: 500, Average Loss: 1.3419
INFO:root:Epoch: 2, Step: 600, Average Loss: 1.3444
INFO:root:Epoch: 2, Step: 700, Average Loss: 1.3021
INFO:root:Epoch: 2, Step: 800, Average Loss: 1.2964
INFO:root:Epoch: 2, Step: 900, Average Loss: 1.3325
INFO:root:Epoch: 2, Step: 1000, Average Loss: 1.2785
INFO:root:Epoch: 2, Step: 1100, Average Loss: 1.3167
INFO:root:Epoch: 2, Step: 1200, Average Loss: 1.2815
INFO:root:Epoch: 2, Step: 1300, Average Loss: 1.2680
INFO:root:Epoch: 2, Step: 1400, Average Loss: 1.2182
INFO:root:Epoch: 2, Step: 1500, Average Loss: 1.2506
INFO:root:Epoch: 2,Training Loss:  1.2506, Validation Loss: 1.4067, Validation Acc: 0.4942
INFO:root:Epoch: 3, Step: 100, Average Loss: 1.2371
INFO:root:Epoch: 3, Step: 200, Average Loss: 1.2143
INFO:root:Epoch: 3, Step: 300, Average Loss: 1.2577
INFO:root:Epoch: 3, Step: 400, Average Loss: 1.2506
INFO:root:Epoch: 3, Step: 500, Average Loss: 1.2589
INFO:root:Epoch: 3, Step: 600, Average Loss: 1.1948
INFO:root:Epoch: 3, Step: 700, Average Loss: 1.2374
INFO:root:Epoch: 3, Step: 800, Average Loss: 1.2064
INFO:root:Epoch: 3, Step: 900, Average Loss: 1.1790
INFO:root:Epoch: 3, Step: 1000, Average Loss: 1.2136
INFO:root:Epoch: 3, Step: 1100, Average Loss: 1.2025
INFO:root:Epoch: 3, Step: 1200, Average Loss: 1.1914
INFO:root:Epoch: 3, Step: 1300, Average Loss: 1.1701
INFO:root:Epoch: 3, Step: 1400, Average Loss: 1.1667
INFO:root:Epoch: 3, Step: 1500, Average Loss: 1.1801
INFO:root:Epoch: 3,Training Loss:  1.1801, Validation Loss: 1.2371, Validation Acc: 0.5625
INFO:root:Epoch: 4, Step: 100, Average Loss: 1.1796
INFO:root:Epoch: 4, Step: 200, Average Loss: 1.1267
INFO:root:Epoch: 4, Step: 300, Average Loss: 1.1616
INFO:root:Epoch: 4, Step: 400, Average Loss: 1.1707
INFO:root:Epoch: 4, Step: 500, Average Loss: 1.1269
INFO:root:Epoch: 4, Step: 600, Average Loss: 1.1414
INFO:root:Epoch: 4, Step: 700, Average Loss: 1.1948
INFO:root:Epoch: 4, Step: 800, Average Loss: 1.1575
INFO:root:Epoch: 4, Step: 900, Average Loss: 1.1126
INFO:root:Epoch: 4, Step: 1000, Average Loss: 1.1112
INFO:root:Epoch: 4, Step: 1100, Average Loss: 1.1082
INFO:root:Epoch: 4, Step: 1200, Average Loss: 1.1170
INFO:root:Epoch: 4, Step: 1300, Average Loss: 1.1286
INFO:root:Epoch: 4, Step: 1400, Average Loss: 1.1170
INFO:root:Epoch: 4, Step: 1500, Average Loss: 1.1391
INFO:root:Epoch: 4,Training Loss:  1.1391, Validation Loss: 1.1812, Validation Acc: 0.5900
INFO:root:Epoch: 5, Step: 100, Average Loss: 1.1018
INFO:root:Epoch: 5, Step: 200, Average Loss: 1.0541
INFO:root:Epoch: 5, Step: 300, Average Loss: 1.1140
INFO:root:Epoch: 5, Step: 400, Average Loss: 1.0744
INFO:root:Epoch: 5, Step: 500, Average Loss: 1.0872
INFO:root:Epoch: 5, Step: 600, Average Loss: 1.0780
INFO:root:Epoch: 5, Step: 700, Average Loss: 1.0809
INFO:root:Epoch: 5, Step: 800, Average Loss: 1.0963
INFO:root:Epoch: 5, Step: 900, Average Loss: 1.0675
INFO:root:Epoch: 5, Step: 1000, Average Loss: 1.0529
INFO:root:Epoch: 5, Step: 1100, Average Loss: 1.0747
INFO:root:Epoch: 5, Step: 1200, Average Loss: 1.0607
INFO:root:Epoch: 5, Step: 1300, Average Loss: 1.0856
INFO:root:Epoch: 5, Step: 1400, Average Loss: 1.0675
INFO:root:Epoch: 5, Step: 1500, Average Loss: 1.0949
INFO:root:Epoch: 5,Training Loss:  1.0949, Validation Loss: 1.0677, Validation Acc: 0.6296
INFO:root:Epoch: 6, Step: 100, Average Loss: 1.0519
INFO:root:Epoch: 6, Step: 200, Average Loss: 1.0535
INFO:root:Epoch: 6, Step: 300, Average Loss: 1.0026
INFO:root:Epoch: 6, Step: 400, Average Loss: 1.0295
INFO:root:Epoch: 6, Step: 500, Average Loss: 1.0288
INFO:root:Epoch: 6, Step: 600, Average Loss: 1.0683
INFO:root:Epoch: 6, Step: 700, Average Loss: 1.0356
INFO:root:Epoch: 6, Step: 800, Average Loss: 1.0220
INFO:root:Epoch: 6, Step: 900, Average Loss: 1.0579
INFO:root:Epoch: 6, Step: 1000, Average Loss: 1.0377
INFO:root:Epoch: 6, Step: 1100, Average Loss: 1.0781
INFO:root:Epoch: 6, Step: 1200, Average Loss: 1.0546
INFO:root:Epoch: 6, Step: 1300, Average Loss: 1.0573
INFO:root:Epoch: 6, Step: 1400, Average Loss: 1.0223
INFO:root:Epoch: 6, Step: 1500, Average Loss: 1.0349
INFO:root:Epoch: 6,Training Loss:  1.0349, Validation Loss: 1.1037, Validation Acc: 0.6187
INFO:root:Epoch: 7, Step: 100, Average Loss: 0.9830
INFO:root:Epoch: 7, Step: 200, Average Loss: 0.9836
INFO:root:Epoch: 7, Step: 300, Average Loss: 0.9869
INFO:root:Epoch: 7, Step: 400, Average Loss: 0.9665
INFO:root:Epoch: 7, Step: 500, Average Loss: 0.9977
INFO:root:Epoch: 7, Step: 600, Average Loss: 1.0257
INFO:root:Epoch: 7, Step: 700, Average Loss: 0.9856
INFO:root:Epoch: 7, Step: 800, Average Loss: 0.9908
INFO:root:Epoch: 7, Step: 900, Average Loss: 1.0214
INFO:root:Epoch: 7, Step: 1000, Average Loss: 0.9852
INFO:root:Epoch: 7, Step: 1100, Average Loss: 1.0210
INFO:root:Epoch: 7, Step: 1200, Average Loss: 1.0016
INFO:root:Epoch: 7, Step: 1300, Average Loss: 1.0382
INFO:root:Epoch: 7, Step: 1400, Average Loss: 0.9543
INFO:root:Epoch: 7, Step: 1500, Average Loss: 1.0165
INFO:root:Epoch: 7,Training Loss:  1.0165, Validation Loss: 1.0328, Validation Acc: 0.6383
INFO:root:Epoch: 8, Step: 100, Average Loss: 0.9649
INFO:root:Epoch: 8, Step: 200, Average Loss: 0.9937
INFO:root:Epoch: 8, Step: 300, Average Loss: 0.9678
INFO:root:Epoch: 8, Step: 400, Average Loss: 0.9532
INFO:root:Epoch: 8, Step: 500, Average Loss: 0.9322
INFO:root:Epoch: 8, Step: 600, Average Loss: 0.9632
INFO:root:Epoch: 8, Step: 700, Average Loss: 0.9782
INFO:root:Epoch: 8, Step: 800, Average Loss: 0.9486
INFO:root:Epoch: 8, Step: 900, Average Loss: 0.9317
INFO:root:Epoch: 8, Step: 1000, Average Loss: 0.9984
INFO:root:Epoch: 8, Step: 1100, Average Loss: 0.9443
INFO:root:Epoch: 8, Step: 1200, Average Loss: 0.9721
INFO:root:Epoch: 8, Step: 1300, Average Loss: 0.9745
INFO:root:Epoch: 8, Step: 1400, Average Loss: 0.9742
INFO:root:Epoch: 8, Step: 1500, Average Loss: 0.9636
INFO:root:Epoch: 8,Training Loss:  0.9636, Validation Loss: 1.0273, Validation Acc: 0.6440
INFO:root:Epoch: 9, Step: 100, Average Loss: 0.9388
INFO:root:Epoch: 9, Step: 200, Average Loss: 0.9204
INFO:root:Epoch: 9, Step: 300, Average Loss: 0.9590
INFO:root:Epoch: 9, Step: 400, Average Loss: 0.9359
INFO:root:Epoch: 9, Step: 500, Average Loss: 0.9301
INFO:root:Epoch: 9, Step: 600, Average Loss: 0.9753
INFO:root:Epoch: 9, Step: 700, Average Loss: 0.9431
INFO:root:Epoch: 9, Step: 800, Average Loss: 0.9174
INFO:root:Epoch: 9, Step: 900, Average Loss: 0.9249
INFO:root:Epoch: 9, Step: 1000, Average Loss: 0.9439
INFO:root:Epoch: 9, Step: 1100, Average Loss: 0.9283
INFO:root:Epoch: 9, Step: 1200, Average Loss: 0.9244
INFO:root:Epoch: 9, Step: 1300, Average Loss: 0.9633
INFO:root:Epoch: 9, Step: 1400, Average Loss: 0.9332
INFO:root:Epoch: 9, Step: 1500, Average Loss: 0.9431
INFO:root:Epoch: 9,Training Loss:  0.9431, Validation Loss: 0.9732, Validation Acc: 0.6619
INFO:root:2023-10-12 06:17:04
INFO:root:Model created
INFO:root:Epoch: 0, Step: 100, Average Loss: 2.2218
INFO:root:Epoch: 0, Step: 200, Average Loss: 1.9858
INFO:root:Epoch: 0, Step: 300, Average Loss: 1.8530
INFO:root:Epoch: 0, Step: 400, Average Loss: 1.7992
INFO:root:Epoch: 0, Step: 500, Average Loss: 1.7506
INFO:root:Epoch: 0, Step: 600, Average Loss: 1.6940
INFO:root:Epoch: 0, Step: 700, Average Loss: 1.7040
INFO:root:Epoch: 0, Step: 800, Average Loss: 1.6269
INFO:root:Epoch: 0, Step: 900, Average Loss: 1.6197
INFO:root:Epoch: 0, Step: 1000, Average Loss: 1.5964
INFO:root:Epoch: 0, Step: 1100, Average Loss: 1.5457
INFO:root:Epoch: 0, Step: 1200, Average Loss: 1.5372
INFO:root:Epoch: 0, Step: 1300, Average Loss: 1.5083
INFO:root:Epoch: 0, Step: 1400, Average Loss: 1.5234
INFO:root:Epoch: 0, Step: 1500, Average Loss: 1.4641
INFO:root:Epoch: 0,Training Loss:  1.4641, Validation Loss: 1.5507, Validation Acc: 0.4430
INFO:root:Epoch: 1, Step: 100, Average Loss: 1.4610
INFO:root:Epoch: 1, Step: 200, Average Loss: 1.4092
INFO:root:Epoch: 1, Step: 300, Average Loss: 1.4061
INFO:root:Epoch: 1, Step: 400, Average Loss: 1.4020
INFO:root:Epoch: 1, Step: 500, Average Loss: 1.3713
INFO:root:Epoch: 1, Step: 600, Average Loss: 1.3647
INFO:root:Epoch: 1, Step: 700, Average Loss: 1.3599
INFO:root:Epoch: 1, Step: 800, Average Loss: 1.3303
INFO:root:Epoch: 1, Step: 900, Average Loss: 1.3649
INFO:root:Epoch: 1, Step: 1000, Average Loss: 1.3555
INFO:root:Epoch: 1, Step: 1100, Average Loss: 1.3138
INFO:root:Epoch: 1, Step: 1200, Average Loss: 1.2996
INFO:root:Epoch: 1, Step: 1300, Average Loss: 1.3004
INFO:root:Epoch: 1, Step: 1400, Average Loss: 1.3041
INFO:root:Epoch: 1, Step: 1500, Average Loss: 1.2659
INFO:root:Epoch: 1,Training Loss:  1.2659, Validation Loss: 1.3039, Validation Acc: 0.5410
INFO:root:Epoch: 2, Step: 100, Average Loss: 1.2413
INFO:root:Epoch: 2, Step: 200, Average Loss: 1.2136
INFO:root:Epoch: 2, Step: 300, Average Loss: 1.2549
INFO:root:Epoch: 2, Step: 400, Average Loss: 1.2354
INFO:root:Epoch: 2, Step: 500, Average Loss: 1.2222
INFO:root:Epoch: 2, Step: 600, Average Loss: 1.2141
INFO:root:Epoch: 2, Step: 700, Average Loss: 1.2424
INFO:root:Epoch: 2, Step: 800, Average Loss: 1.2820
INFO:root:Epoch: 2, Step: 900, Average Loss: 1.1919
INFO:root:Epoch: 2, Step: 1000, Average Loss: 1.2370
INFO:root:Epoch: 2, Step: 1100, Average Loss: 1.1847
INFO:root:Epoch: 2, Step: 1200, Average Loss: 1.1719
INFO:root:Epoch: 2, Step: 1300, Average Loss: 1.2407
INFO:root:Epoch: 2, Step: 1400, Average Loss: 1.1736
INFO:root:Epoch: 2, Step: 1500, Average Loss: 1.1619
INFO:root:Epoch: 2,Training Loss:  1.1619, Validation Loss: 1.2203, Validation Acc: 0.5699
INFO:root:Epoch: 3, Step: 100, Average Loss: 1.1581
INFO:root:Epoch: 3, Step: 200, Average Loss: 1.1505
INFO:root:Epoch: 3, Step: 300, Average Loss: 1.1747
INFO:root:Epoch: 3, Step: 400, Average Loss: 1.1340
INFO:root:Epoch: 3, Step: 500, Average Loss: 1.1221
INFO:root:Epoch: 3, Step: 600, Average Loss: 1.1074
INFO:root:Epoch: 3, Step: 700, Average Loss: 1.1705
INFO:root:Epoch: 3, Step: 800, Average Loss: 1.1612
INFO:root:Epoch: 3, Step: 900, Average Loss: 1.1099
INFO:root:Epoch: 3, Step: 1000, Average Loss: 1.1424
INFO:root:Epoch: 3, Step: 1100, Average Loss: 1.1163
INFO:root:Epoch: 3, Step: 1200, Average Loss: 1.1015
INFO:root:Epoch: 3, Step: 1300, Average Loss: 1.1630
INFO:root:Epoch: 3, Step: 1400, Average Loss: 1.1147
INFO:root:Epoch: 3, Step: 1500, Average Loss: 1.1184
INFO:root:Epoch: 3,Training Loss:  1.1184, Validation Loss: 1.1306, Validation Acc: 0.6020
INFO:root:Epoch: 4, Step: 100, Average Loss: 1.1054
INFO:root:Epoch: 4, Step: 200, Average Loss: 1.0861
INFO:root:Epoch: 4, Step: 300, Average Loss: 1.0744
INFO:root:Epoch: 4, Step: 400, Average Loss: 1.1108
INFO:root:Epoch: 4, Step: 500, Average Loss: 1.0596
INFO:root:Epoch: 4, Step: 600, Average Loss: 1.0709
INFO:root:Epoch: 4, Step: 700, Average Loss: 1.1057
INFO:root:Epoch: 4, Step: 800, Average Loss: 1.0868
INFO:root:Epoch: 4, Step: 900, Average Loss: 1.0385
INFO:root:Epoch: 4, Step: 1000, Average Loss: 1.0778
INFO:root:Epoch: 4, Step: 1100, Average Loss: 1.0301
INFO:root:Epoch: 4, Step: 1200, Average Loss: 1.0879
INFO:root:Epoch: 4, Step: 1300, Average Loss: 1.0535
INFO:root:Epoch: 4, Step: 1400, Average Loss: 1.0816
INFO:root:Epoch: 4, Step: 1500, Average Loss: 1.0794
INFO:root:Epoch: 4,Training Loss:  1.0794, Validation Loss: 1.0815, Validation Acc: 0.6216
INFO:root:Epoch: 5, Step: 100, Average Loss: 1.0588
INFO:root:Epoch: 5, Step: 200, Average Loss: 1.0505
INFO:root:Epoch: 5, Step: 300, Average Loss: 1.0523
INFO:root:Epoch: 5, Step: 400, Average Loss: 1.0090
INFO:root:Epoch: 5, Step: 500, Average Loss: 1.0148
INFO:root:Epoch: 5, Step: 600, Average Loss: 1.0241
INFO:root:Epoch: 5, Step: 700, Average Loss: 1.0331
INFO:root:Epoch: 5, Step: 800, Average Loss: 1.0145
INFO:root:Epoch: 5, Step: 900, Average Loss: 1.0486
INFO:root:Epoch: 5, Step: 1000, Average Loss: 1.0567
INFO:root:Epoch: 5, Step: 1100, Average Loss: 1.0213
INFO:root:Epoch: 5, Step: 1200, Average Loss: 1.0219
INFO:root:Epoch: 5, Step: 1300, Average Loss: 0.9968
INFO:root:Epoch: 5, Step: 1400, Average Loss: 0.9802
INFO:root:Epoch: 5, Step: 1500, Average Loss: 1.0079
INFO:root:Epoch: 5,Training Loss:  1.0079, Validation Loss: 1.0723, Validation Acc: 0.6258
INFO:root:Epoch: 6, Step: 100, Average Loss: 1.0218
INFO:root:Epoch: 6, Step: 200, Average Loss: 0.9813
INFO:root:Epoch: 6, Step: 300, Average Loss: 0.9825
INFO:root:Epoch: 6, Step: 400, Average Loss: 0.9752
INFO:root:Epoch: 6, Step: 500, Average Loss: 0.9686
INFO:root:Epoch: 6, Step: 600, Average Loss: 0.9891
INFO:root:Epoch: 6, Step: 700, Average Loss: 0.9999
INFO:root:Epoch: 6, Step: 800, Average Loss: 1.0094
INFO:root:Epoch: 6, Step: 900, Average Loss: 0.9279
INFO:root:Epoch: 6, Step: 1000, Average Loss: 1.0008
INFO:root:Epoch: 6, Step: 1100, Average Loss: 0.9984
INFO:root:Epoch: 6, Step: 1200, Average Loss: 0.9987
INFO:root:Epoch: 6, Step: 1300, Average Loss: 0.9764
INFO:root:Epoch: 6, Step: 1400, Average Loss: 0.9818
INFO:root:Epoch: 6, Step: 1500, Average Loss: 0.9605
INFO:root:Epoch: 6,Training Loss:  0.9605, Validation Loss: 0.9987, Validation Acc: 0.6535
INFO:root:Epoch: 7, Step: 100, Average Loss: 0.9612
INFO:root:Epoch: 7, Step: 200, Average Loss: 0.9262
INFO:root:Epoch: 7, Step: 300, Average Loss: 0.9755
INFO:root:Epoch: 7, Step: 400, Average Loss: 0.9357
INFO:root:Epoch: 7, Step: 500, Average Loss: 0.9415
INFO:root:Epoch: 7, Step: 600, Average Loss: 0.9575
INFO:root:Epoch: 7, Step: 700, Average Loss: 0.9611
INFO:root:Epoch: 7, Step: 800, Average Loss: 0.9345
INFO:root:Epoch: 7, Step: 900, Average Loss: 0.9370
INFO:root:Epoch: 7, Step: 1000, Average Loss: 0.9474
INFO:root:Epoch: 7, Step: 1100, Average Loss: 0.9460
INFO:root:Epoch: 7, Step: 1200, Average Loss: 0.9651
INFO:root:Epoch: 7, Step: 1300, Average Loss: 0.9561
INFO:root:Epoch: 7, Step: 1400, Average Loss: 0.9538
INFO:root:Epoch: 7, Step: 1500, Average Loss: 0.9613
INFO:root:Epoch: 7,Training Loss:  0.9613, Validation Loss: 0.9799, Validation Acc: 0.6581
INFO:root:Epoch: 8, Step: 100, Average Loss: 0.9321
INFO:root:Epoch: 8, Step: 200, Average Loss: 0.9154
INFO:root:Epoch: 8, Step: 300, Average Loss: 0.9392
INFO:root:Epoch: 8, Step: 400, Average Loss: 0.9494
INFO:root:Epoch: 8, Step: 500, Average Loss: 0.9391
INFO:root:Epoch: 8, Step: 600, Average Loss: 0.9407
INFO:root:Epoch: 8, Step: 700, Average Loss: 0.9059
INFO:root:Epoch: 8, Step: 800, Average Loss: 0.8927
INFO:root:Epoch: 8, Step: 900, Average Loss: 0.8912
INFO:root:Epoch: 8, Step: 1000, Average Loss: 0.9329
INFO:root:Epoch: 8, Step: 1100, Average Loss: 0.8914
INFO:root:Epoch: 8, Step: 1200, Average Loss: 0.9233
INFO:root:Epoch: 8, Step: 1300, Average Loss: 0.9330
INFO:root:Epoch: 8, Step: 1400, Average Loss: 0.8918
INFO:root:Epoch: 8, Step: 1500, Average Loss: 0.9158
INFO:root:Epoch: 8,Training Loss:  0.9158, Validation Loss: 0.9575, Validation Acc: 0.6586
INFO:root:Epoch: 9, Step: 100, Average Loss: 0.9270
INFO:root:Epoch: 9, Step: 200, Average Loss: 0.8799
INFO:root:Epoch: 9, Step: 300, Average Loss: 0.8826
INFO:root:Epoch: 9, Step: 400, Average Loss: 0.9116
INFO:root:Epoch: 9, Step: 500, Average Loss: 0.9086
INFO:root:Epoch: 9, Step: 600, Average Loss: 0.9201
INFO:root:Epoch: 9, Step: 700, Average Loss: 0.8998
INFO:root:Epoch: 9, Step: 800, Average Loss: 0.8924
INFO:root:Epoch: 9, Step: 900, Average Loss: 0.8750
INFO:root:Epoch: 9, Step: 1000, Average Loss: 0.8896
INFO:root:Epoch: 9, Step: 1100, Average Loss: 0.9219
INFO:root:Epoch: 9, Step: 1200, Average Loss: 0.8963
INFO:root:Epoch: 9, Step: 1300, Average Loss: 0.8800
INFO:root:Epoch: 9, Step: 1400, Average Loss: 0.9031
INFO:root:Epoch: 9, Step: 1500, Average Loss: 0.8831
INFO:root:Epoch: 9,Training Loss:  0.8831, Validation Loss: 0.9550, Validation Acc: 0.6666
INFO:root:Model saved to /home/zhangyouan/桌面/zya/NN_net/network/SSD/IMX_681_ssd_mobilenet_git/pytorch/classification/demo/model_1011.pkl
INFO:root:2023-11-07 03:13:53
INFO:root:Model created
